# JRE version: Java(TM) SE Runtime Environment (8.0_121-b13) (build 1.8.0_121-b13)
# Java VM: Java HotSpot(TM) Server VM (25.121-b13 mixed mode linux-x86 )
Heap:
 PSYoungGen      total 19200K, used 7464K [0xd1ac0000, 0xd4040000, 0xe7000000)
  eden space 16640K, 29% used [0xd1ac0000,0xd1f8d048,0xd2b00000)
  from space 2560K, 99% used [0xd2b00000,0xd2d7d100,0xd2d80000)
  to   space 2560K, 0% used [0xd3dc0000,0xd3dc0000,0xd4040000)
 ParOldGen       total 43776K, used 5963K [0xa7000000, 0xa9ac0000, 0xd1ac0000)
  object space 43776K, 13% used [0xa7000000,0xa75d2de8,0xa9ac0000)
 Metaspace       used 14489K, capacity 15110K, committed 15128K, reserved 15664K
GC Heap History (6 events):
Event: 1,137 GC heap before
{Heap before GC invocations=1 (full 0):
 PSYoungGen      total 19200K, used 16640K [0xd1ac0000, 0xd3000000, 0xe7000000)
  eden space 16640K, 100% used [0xd1ac0000,0xd2b00000,0xd2b00000)
  from space 2560K, 0% used [0xd2d80000,0xd2d80000,0xd3000000)
  to   space 2560K, 0% used [0xd2b00000,0xd2b00000,0xd2d80000)
 ParOldGen       total 43776K, used 0K [0xa7000000, 0xa9ac0000, 0xd1ac0000)
  object space 43776K, 0% used [0xa7000000,0xa7000000,0xa9ac0000)
 Metaspace       used 6807K, capacity 7174K, committed 7192K, reserved 7472K
Event: 1,147 GC heap after
Heap after GC invocations=1 (full 0):
 PSYoungGen      total 19200K, used 2544K [0xd1ac0000, 0xd3000000, 0xe7000000)
  eden space 16640K, 0% used [0xd1ac0000,0xd1ac0000,0xd2b00000)
  from space 2560K, 99% used [0xd2b00000,0xd2d7c0d0,0xd2d80000)
  to   space 2560K, 0% used [0xd2d80000,0xd2d80000,0xd3000000)
 ParOldGen       total 43776K, used 307K [0xa7000000, 0xa9ac0000, 0xd1ac0000)
  object space 43776K, 0% used [0xa7000000,0xa704cfd8,0xa9ac0000)
 Metaspace       used 6807K, capacity 7174K, committed 7192K, reserved 7472K
}
Event: 2,180 GC heap before
{Heap before GC invocations=2 (full 0):
 PSYoungGen      total 19200K, used 19184K [0xd1ac0000, 0xd3000000, 0xe7000000)
  eden space 16640K, 100% used [0xd1ac0000,0xd2b00000,0xd2b00000)
  from space 2560K, 99% used [0xd2b00000,0xd2d7c0d0,0xd2d80000)
  to   space 2560K, 0% used [0xd2d80000,0xd2d80000,0xd3000000)
 ParOldGen       total 43776K, used 307K [0xa7000000, 0xa9ac0000, 0xd1ac0000)
  object space 43776K, 0% used [0xa7000000,0xa704cfd8,0xa9ac0000)
 Metaspace       used 10563K, capacity 10934K, committed 11032K, reserved 11568K
Event: 2,194 GC heap after
Heap after GC invocations=2 (full 0):
 PSYoungGen      total 19200K, used 2544K [0xd1ac0000, 0xd4040000, 0xe7000000)
  eden space 16640K, 0% used [0xd1ac0000,0xd1ac0000,0xd2b00000)
  from space 2560K, 99% used [0xd2d80000,0xd2ffc100,0xd3000000)
  to   space 2560K, 0% used [0xd2b00000,0xd2b00000,0xd2d80000)
 ParOldGen       total 43776K, used 3022K [0xa7000000, 0xa9ac0000, 0xd1ac0000)
  object space 43776K, 6% used [0xa7000000,0xa72f3b28,0xa9ac0000)
 Metaspace       used 10563K, capacity 10934K, committed 11032K, reserved 11568K
}
Event: 2,988 GC heap before
{Heap before GC invocations=3 (full 0):
 PSYoungGen      total 19200K, used 19184K [0xd1ac0000, 0xd4040000, 0xe7000000)
  eden space 16640K, 100% used [0xd1ac0000,0xd2b00000,0xd2b00000)
  from space 2560K, 99% used [0xd2d80000,0xd2ffc100,0xd3000000)
  to   space 2560K, 0% used [0xd2b00000,0xd2b00000,0xd2d80000)
 ParOldGen       total 43776K, used 3022K [0xa7000000, 0xa9ac0000, 0xd1ac0000)
  object space 43776K, 6% used [0xa7000000,0xa72f3b28,0xa9ac0000)
 Metaspace       used 13596K, capacity 14185K, committed 14232K, reserved 14640K
Event: 3,002 GC heap after
Heap after GC invocations=3 (full 0):
 PSYoungGen      total 19200K, used 2548K [0xd1ac0000, 0xd4040000, 0xe7000000)
  eden space 16640K, 0% used [0xd1ac0000,0xd1ac0000,0xd2b00000)
  from space 2560K, 99% used [0xd2b00000,0xd2d7d100,0xd2d80000)
  to   space 2560K, 0% used [0xd3dc0000,0xd3dc0000,0xd4040000)
 ParOldGen       total 43776K, used 5963K [0xa7000000, 0xa9ac0000, 0xd1ac0000)
  object space 43776K, 13% used [0xa7000000,0xa75d2de8,0xa9ac0000)
 Metaspace       used 13596K, capacity 14185K, committed 14232K, reserved 14640K
}

