# JRE version: Java(TM) SE Runtime Environment (8.0_121-b13) (build 1.8.0_121-b13)
# Java VM: Java HotSpot(TM) Server VM (25.121-b13 mixed mode linux-x86 )
Heap:
 PSYoungGen      total 19200K, used 10346K [0xd1ac0000, 0xd4040000, 0xe7000000)
  eden space 16640K, 46% used [0xd1ac0000,0xd225d790,0xd2b00000)
  from space 2560K, 99% used [0xd2d80000,0xd2ffd110,0xd3000000)
  to   space 2560K, 0% used [0xd2b00000,0xd2b00000,0xd2d80000)
 ParOldGen       total 43776K, used 3254K [0xa7000000, 0xa9ac0000, 0xd1ac0000)
  object space 43776K, 7% used [0xa7000000,0xa732d808,0xa9ac0000)
 Metaspace       used 11444K, capacity 12125K, committed 12184K, reserved 12592K
GC Heap History (4 events):
Event: 1,078 GC heap before
{Heap before GC invocations=1 (full 0):
 PSYoungGen      total 19200K, used 16640K [0xd1ac0000, 0xd3000000, 0xe7000000)
  eden space 16640K, 100% used [0xd1ac0000,0xd2b00000,0xd2b00000)
  from space 2560K, 0% used [0xd2d80000,0xd2d80000,0xd3000000)
  to   space 2560K, 0% used [0xd2b00000,0xd2b00000,0xd2d80000)
 ParOldGen       total 43776K, used 0K [0xa7000000, 0xa9ac0000, 0xd1ac0000)
  object space 43776K, 0% used [0xa7000000,0xa7000000,0xa9ac0000)
 Metaspace       used 6733K, capacity 7048K, committed 7064K, reserved 7472K
Event: 1,086 GC heap after
Heap after GC invocations=1 (full 0):
 PSYoungGen      total 19200K, used 2544K [0xd1ac0000, 0xd3000000, 0xe7000000)
  eden space 16640K, 0% used [0xd1ac0000,0xd1ac0000,0xd2b00000)
  from space 2560K, 99% used [0xd2b00000,0xd2d7c0a0,0xd2d80000)
  to   space 2560K, 0% used [0xd2d80000,0xd2d80000,0xd3000000)
 ParOldGen       total 43776K, used 204K [0xa7000000, 0xa9ac0000, 0xd1ac0000)
  object space 43776K, 0% used [0xa7000000,0xa7033000,0xa9ac0000)
 Metaspace       used 6733K, capacity 7048K, committed 7064K, reserved 7472K
}
Event: 2,367 GC heap before
{Heap before GC invocations=2 (full 0):
 PSYoungGen      total 19200K, used 18304K [0xd1ac0000, 0xd3000000, 0xe7000000)
  eden space 16640K, 94% used [0xd1ac0000,0xd2a24038,0xd2b00000)
  from space 2560K, 99% used [0xd2b00000,0xd2d7c0a0,0xd2d80000)
  to   space 2560K, 0% used [0xd2d80000,0xd2d80000,0xd3000000)
 ParOldGen       total 43776K, used 204K [0xa7000000, 0xa9ac0000, 0xd1ac0000)
  object space 43776K, 0% used [0xa7000000,0xa7033000,0xa9ac0000)
 Metaspace       used 10314K, capacity 10824K, committed 10904K, reserved 11568K
Event: 2,388 GC heap after
Heap after GC invocations=2 (full 0):
 PSYoungGen      total 19200K, used 2548K [0xd1ac0000, 0xd4040000, 0xe7000000)
  eden space 16640K, 0% used [0xd1ac0000,0xd1ac0000,0xd2b00000)
  from space 2560K, 99% used [0xd2d80000,0xd2ffd110,0xd3000000)
  to   space 2560K, 0% used [0xd2b00000,0xd2b00000,0xd2d80000)
 ParOldGen       total 43776K, used 3254K [0xa7000000, 0xa9ac0000, 0xd1ac0000)
  object space 43776K, 7% used [0xa7000000,0xa732d808,0xa9ac0000)
 Metaspace       used 10314K, capacity 10824K, committed 10904K, reserved 11568K
}

