# JRE version: Java(TM) SE Runtime Environment (8.0_121-b13) (build 1.8.0_121-b13)
# Java VM: Java HotSpot(TM) Server VM (25.121-b13 mixed mode linux-x86 )
Heap:
 PSYoungGen      total 35840K, used 27848K [0xd1ac0000, 0xd4040000, 0xe7000000)
  eden space 33280K, 75% used [0xd1ac0000,0xd3373200,0xd3b40000)
  from space 2560K, 99% used [0xd3dc0000,0xd403f140,0xd4040000)
  to   space 2560K, 0% used [0xd3b40000,0xd3b40000,0xd3dc0000)
 ParOldGen       total 43776K, used 7977K [0xa7000000, 0xa9ac0000, 0xd1ac0000)
  object space 43776K, 18% used [0xa7000000,0xa77ca6b8,0xa9ac0000)
 Metaspace       used 15618K, capacity 16338K, committed 16384K, reserved 16688K
GC Heap History (8 events):
Event: 0,990 GC heap before
{Heap before GC invocations=1 (full 0):
 PSYoungGen      total 19200K, used 16640K [0xd1ac0000, 0xd3000000, 0xe7000000)
  eden space 16640K, 100% used [0xd1ac0000,0xd2b00000,0xd2b00000)
  from space 2560K, 0% used [0xd2d80000,0xd2d80000,0xd3000000)
  to   space 2560K, 0% used [0xd2b00000,0xd2b00000,0xd2d80000)
 ParOldGen       total 43776K, used 0K [0xa7000000, 0xa9ac0000, 0xd1ac0000)
  object space 43776K, 0% used [0xa7000000,0xa7000000,0xa9ac0000)
 Metaspace       used 6761K, capacity 7109K, committed 7192K, reserved 7472K
Event: 0,997 GC heap after
Heap after GC invocations=1 (full 0):
 PSYoungGen      total 19200K, used 2544K [0xd1ac0000, 0xd3000000, 0xe7000000)
  eden space 16640K, 0% used [0xd1ac0000,0xd1ac0000,0xd2b00000)
  from space 2560K, 99% used [0xd2b00000,0xd2d7c090,0xd2d80000)
  to   space 2560K, 0% used [0xd2d80000,0xd2d80000,0xd3000000)
 ParOldGen       total 43776K, used 210K [0xa7000000, 0xa9ac0000, 0xd1ac0000)
  object space 43776K, 0% used [0xa7000000,0xa7034b08,0xa9ac0000)
 Metaspace       used 6761K, capacity 7109K, committed 7192K, reserved 7472K
}
Event: 1,930 GC heap before
{Heap before GC invocations=2 (full 0):
 PSYoungGen      total 19200K, used 19184K [0xd1ac0000, 0xd3000000, 0xe7000000)
  eden space 16640K, 100% used [0xd1ac0000,0xd2b00000,0xd2b00000)
  from space 2560K, 99% used [0xd2b00000,0xd2d7c090,0xd2d80000)
  to   space 2560K, 0% used [0xd2d80000,0xd2d80000,0xd3000000)
 ParOldGen       total 43776K, used 210K [0xa7000000, 0xa9ac0000, 0xd1ac0000)
  object space 43776K, 0% used [0xa7000000,0xa7034b08,0xa9ac0000)
 Metaspace       used 10335K, capacity 10691K, committed 10776K, reserved 11568K
Event: 1,949 GC heap after
Heap after GC invocations=2 (full 0):
 PSYoungGen      total 19200K, used 2552K [0xd1ac0000, 0xd4040000, 0xe7000000)
  eden space 16640K, 0% used [0xd1ac0000,0xd1ac0000,0xd2b00000)
  from space 2560K, 99% used [0xd2d80000,0xd2ffe0c0,0xd3000000)
  to   space 2560K, 0% used [0xd2b00000,0xd2b00000,0xd2d80000)
 ParOldGen       total 43776K, used 2922K [0xa7000000, 0xa9ac0000, 0xd1ac0000)
  object space 43776K, 6% used [0xa7000000,0xa72da8d0,0xa9ac0000)
 Metaspace       used 10335K, capacity 10691K, committed 10776K, reserved 11568K
}
Event: 2,983 GC heap before
{Heap before GC invocations=3 (full 0):
 PSYoungGen      total 19200K, used 19192K [0xd1ac0000, 0xd4040000, 0xe7000000)
  eden space 16640K, 100% used [0xd1ac0000,0xd2b00000,0xd2b00000)
  from space 2560K, 99% used [0xd2d80000,0xd2ffe0c0,0xd3000000)
  to   space 2560K, 0% used [0xd2b00000,0xd2b00000,0xd2d80000)
 ParOldGen       total 43776K, used 2922K [0xa7000000, 0xa9ac0000, 0xd1ac0000)
  object space 43776K, 6% used [0xa7000000,0xa72da8d0,0xa9ac0000)
 Metaspace       used 13408K, capacity 13936K, committed 13976K, reserved 14640K
Event: 3,002 GC heap after
Heap after GC invocations=3 (full 0):
 PSYoungGen      total 19200K, used 2556K [0xd1ac0000, 0xd4040000, 0xe7000000)
  eden space 16640K, 0% used [0xd1ac0000,0xd1ac0000,0xd2b00000)
  from space 2560K, 99% used [0xd2b00000,0xd2d7f170,0xd2d80000)
  to   space 2560K, 0% used [0xd3dc0000,0xd3dc0000,0xd4040000)
 ParOldGen       total 43776K, used 6865K [0xa7000000, 0xa9ac0000, 0xd1ac0000)
  object space 43776K, 15% used [0xa7000000,0xa76b44f0,0xa9ac0000)
 Metaspace       used 13408K, capacity 13936K, committed 13976K, reserved 14640K
}
Event: 4,962 GC heap before
{Heap before GC invocations=4 (full 0):
 PSYoungGen      total 19200K, used 19196K [0xd1ac0000, 0xd4040000, 0xe7000000)
  eden space 16640K, 100% used [0xd1ac0000,0xd2b00000,0xd2b00000)
  from space 2560K, 99% used [0xd2b00000,0xd2d7f170,0xd2d80000)
  to   space 2560K, 0% used [0xd3dc0000,0xd3dc0000,0xd4040000)
 ParOldGen       total 43776K, used 6865K [0xa7000000, 0xa9ac0000, 0xd1ac0000)
  object space 43776K, 15% used [0xa7000000,0xa76b44f0,0xa9ac0000)
 Metaspace       used 14527K, capacity 15191K, committed 15256K, reserved 15664K
Event: 4,977 GC heap after
Heap after GC invocations=4 (full 0):
 PSYoungGen      total 35840K, used 2556K [0xd1ac0000, 0xd4040000, 0xe7000000)
  eden space 33280K, 0% used [0xd1ac0000,0xd1ac0000,0xd3b40000)
  from space 2560K, 99% used [0xd3dc0000,0xd403f140,0xd4040000)
  to   space 2560K, 0% used [0xd3b40000,0xd3b40000,0xd3dc0000)
 ParOldGen       total 43776K, used 7977K [0xa7000000, 0xa9ac0000, 0xd1ac0000)
  object space 43776K, 18% used [0xa7000000,0xa77ca6b8,0xa9ac0000)
 Metaspace       used 14527K, capacity 15191K, committed 15256K, reserved 15664K
}

